Added Component: Designator=C1(*CAPC2012X135N)
Add component. Clean all parameters for all variants
Add component (AddParameter): Name = "Availability"; Value = "Unavailable"; VariantName = "[No Variations]"
Add component (AddParameter): Name = "MF"; Value = "Murata Electronics"; VariantName = "[No Variations]"
Add component (AddParameter): Name = "MP"; Value = "GCD21BR71H104KA01L"; VariantName = "[No Variations]"
Add component (AddParameter): Name = "Package"; Value = "0805 Murata"; VariantName = "[No Variations]"
Add component (AddParameter): Name = "Price"; Value = "None"; VariantName = "[No Variations]"
Add component (AddParameter): Name = "SnapEDA_Link"; Value = "https://www.snapeda.com/parts/GCD21BR71H104KA01L/Murata%20Electronics%20North%20America/view-part/?ref=snap"; VariantName = "[No Variations]"
Add component (AddParameter): Name = "Value"; Value = ""; VariantName = "[No Variations]"
Added Component: Designator=C2(*CAPC2012X135N)
Add component. Clean all parameters for all variants
Add component (AddParameter): Name = "Availability"; Value = "Unavailable"; VariantName = "[No Variations]"
Add component (AddParameter): Name = "MF"; Value = "Murata Electronics"; VariantName = "[No Variations]"
Add component (AddParameter): Name = "MP"; Value = "GCD21BR71H104KA01L"; VariantName = "[No Variations]"
Add component (AddParameter): Name = "Package"; Value = "0805 Murata"; VariantName = "[No Variations]"
Add component (AddParameter): Name = "Price"; Value = "None"; VariantName = "[No Variations]"
Add component (AddParameter): Name = "SnapEDA_Link"; Value = "https://www.snapeda.com/parts/GCD21BR71H104KA01L/Murata%20Electronics%20North%20America/view-part/?ref=snap"; VariantName = "[No Variations]"
Add component (AddParameter): Name = "Value"; Value = ""; VariantName = "[No Variations]"
Added Component: Designator=C3(*CAPC2012X135N)
Add component. Clean all parameters for all variants
Add component (AddParameter): Name = "Availability"; Value = "Unavailable"; VariantName = "[No Variations]"
Add component (AddParameter): Name = "MF"; Value = "Murata Electronics"; VariantName = "[No Variations]"
Add component (AddParameter): Name = "MP"; Value = "GCD21BR71H104KA01L"; VariantName = "[No Variations]"
Add component (AddParameter): Name = "Package"; Value = "0805 Murata"; VariantName = "[No Variations]"
Add component (AddParameter): Name = "Price"; Value = "None"; VariantName = "[No Variations]"
Add component (AddParameter): Name = "SnapEDA_Link"; Value = "https://www.snapeda.com/parts/GCD21BR71H104KA01L/Murata%20Electronics%20North%20America/view-part/?ref=snap"; VariantName = "[No Variations]"
Add component (AddParameter): Name = "Value"; Value = ""; VariantName = "[No Variations]"
Added Component: Designator=C4(*CAPC2012X135N)
Add component. Clean all parameters for all variants
Add component (AddParameter): Name = "Availability"; Value = "Unavailable"; VariantName = "[No Variations]"
Add component (AddParameter): Name = "MF"; Value = "Murata Electronics"; VariantName = "[No Variations]"
Add component (AddParameter): Name = "MP"; Value = "GCD21BR71H104KA01L"; VariantName = "[No Variations]"
Add component (AddParameter): Name = "Package"; Value = "0805 Murata"; VariantName = "[No Variations]"
Add component (AddParameter): Name = "Price"; Value = "None"; VariantName = "[No Variations]"
Add component (AddParameter): Name = "SnapEDA_Link"; Value = "https://www.snapeda.com/parts/GCD21BR71H104KA01L/Murata%20Electronics%20North%20America/view-part/?ref=snap"; VariantName = "[No Variations]"
Add component (AddParameter): Name = "Value"; Value = ""; VariantName = "[No Variations]"
Added Component: Designator=C5(*CAPC2012X135N)
Add component. Clean all parameters for all variants
Add component (AddParameter): Name = "Availability"; Value = "Unavailable"; VariantName = "[No Variations]"
Add component (AddParameter): Name = "MF"; Value = "Murata Electronics"; VariantName = "[No Variations]"
Add component (AddParameter): Name = "MP"; Value = "GCD21BR71H104KA01L"; VariantName = "[No Variations]"
Add component (AddParameter): Name = "Package"; Value = "0805 Murata"; VariantName = "[No Variations]"
Add component (AddParameter): Name = "Price"; Value = "None"; VariantName = "[No Variations]"
Add component (AddParameter): Name = "SnapEDA_Link"; Value = "https://www.snapeda.com/parts/GCD21BR71H104KA01L/Murata%20Electronics%20North%20America/view-part/?ref=snap"; VariantName = "[No Variations]"
Add component (AddParameter): Name = "Value"; Value = ""; VariantName = "[No Variations]"
Added Component: Designator=C6(CAPC3216X94N)
Add component. Clean all parameters for all variants
Add component (AddParameter): Name = "Availability"; Value = "Unavailable"; VariantName = "[No Variations]"
Add component (AddParameter): Name = "MF"; Value = "AVX"; VariantName = "[No Variations]"
Add component (AddParameter): Name = "MP"; Value = "1206YC104KAT2A"; VariantName = "[No Variations]"
Add component (AddParameter): Name = "Package"; Value = "1206 AVX"; VariantName = "[No Variations]"
Add component (AddParameter): Name = "Price"; Value = "None"; VariantName = "[No Variations]"
Add component (AddParameter): Name = "SnapEDA_Link"; Value = "https://www.snapeda.com/parts/1206YC104KAT2A/AVX/view-part/?ref=snap"; VariantName = "[No Variations]"
Add component (AddParameter): Name = "Value"; Value = ""; VariantName = "[No Variations]"
Added Component: Designator=C7(*CAPC2012X135N)
Add component. Clean all parameters for all variants
Add component (AddParameter): Name = "Availability"; Value = "Unavailable"; VariantName = "[No Variations]"
Add component (AddParameter): Name = "MF"; Value = "Murata Electronics"; VariantName = "[No Variations]"
Add component (AddParameter): Name = "MP"; Value = "GCD21BR71H104KA01L"; VariantName = "[No Variations]"
Add component (AddParameter): Name = "Package"; Value = "0805 Murata"; VariantName = "[No Variations]"
Add component (AddParameter): Name = "Price"; Value = "None"; VariantName = "[No Variations]"
Add component (AddParameter): Name = "SnapEDA_Link"; Value = "https://www.snapeda.com/parts/GCD21BR71H104KA01L/Murata%20Electronics%20North%20America/view-part/?ref=snap"; VariantName = "[No Variations]"
Add component (AddParameter): Name = "Value"; Value = ""; VariantName = "[No Variations]"
Added Component: Designator=C8(*CAPC2012X135N)
Add component. Clean all parameters for all variants
Add component (AddParameter): Name = "Availability"; Value = "Unavailable"; VariantName = "[No Variations]"
Add component (AddParameter): Name = "MF"; Value = "Murata Electronics"; VariantName = "[No Variations]"
Add component (AddParameter): Name = "MP"; Value = "GCD21BR71H104KA01L"; VariantName = "[No Variations]"
Add component (AddParameter): Name = "Package"; Value = "0805 Murata"; VariantName = "[No Variations]"
Add component (AddParameter): Name = "Price"; Value = "None"; VariantName = "[No Variations]"
Add component (AddParameter): Name = "SnapEDA_Link"; Value = "https://www.snapeda.com/parts/GCD21BR71H104KA01L/Murata%20Electronics%20North%20America/view-part/?ref=snap"; VariantName = "[No Variations]"
Add component (AddParameter): Name = "Value"; Value = ""; VariantName = "[No Variations]"
Added Component: Designator=C9(*CAPC2012X135N)
Add component. Clean all parameters for all variants
Add component (AddParameter): Name = "Availability"; Value = "Unavailable"; VariantName = "[No Variations]"
Add component (AddParameter): Name = "MF"; Value = "Murata Electronics"; VariantName = "[No Variations]"
Add component (AddParameter): Name = "MP"; Value = "GCD21BR71H104KA01L"; VariantName = "[No Variations]"
Add component (AddParameter): Name = "Package"; Value = "0805 Murata"; VariantName = "[No Variations]"
Add component (AddParameter): Name = "Price"; Value = "None"; VariantName = "[No Variations]"
Add component (AddParameter): Name = "SnapEDA_Link"; Value = "https://www.snapeda.com/parts/GCD21BR71H104KA01L/Murata%20Electronics%20North%20America/view-part/?ref=snap"; VariantName = "[No Variations]"
Add component (AddParameter): Name = "Value"; Value = ""; VariantName = "[No Variations]"
Added Component: Designator=C10(*CAPC2012X135N)
Add component. Clean all parameters for all variants
Add component (AddParameter): Name = "Availability"; Value = "Unavailable"; VariantName = "[No Variations]"
Add component (AddParameter): Name = "MF"; Value = "Murata Electronics"; VariantName = "[No Variations]"
Add component (AddParameter): Name = "MP"; Value = "GCD21BR71H104KA01L"; VariantName = "[No Variations]"
Add component (AddParameter): Name = "Package"; Value = "0805 Murata"; VariantName = "[No Variations]"
Add component (AddParameter): Name = "Price"; Value = "None"; VariantName = "[No Variations]"
Add component (AddParameter): Name = "SnapEDA_Link"; Value = "https://www.snapeda.com/parts/GCD21BR71H104KA01L/Murata%20Electronics%20North%20America/view-part/?ref=snap"; VariantName = "[No Variations]"
Add component (AddParameter): Name = "Value"; Value = ""; VariantName = "[No Variations]"
Added Component: Designator=C11(*CAPC2012X135N)
Add component. Clean all parameters for all variants
Add component (AddParameter): Name = "Availability"; Value = "Unavailable"; VariantName = "[No Variations]"
Add component (AddParameter): Name = "MF"; Value = "Murata Electronics"; VariantName = "[No Variations]"
Add component (AddParameter): Name = "MP"; Value = "GCD21BR71H104KA01L"; VariantName = "[No Variations]"
Add component (AddParameter): Name = "Package"; Value = "0805 Murata"; VariantName = "[No Variations]"
Add component (AddParameter): Name = "Price"; Value = "None"; VariantName = "[No Variations]"
Add component (AddParameter): Name = "SnapEDA_Link"; Value = "https://www.snapeda.com/parts/GCD21BR71H104KA01L/Murata%20Electronics%20North%20America/view-part/?ref=snap"; VariantName = "[No Variations]"
Add component (AddParameter): Name = "Value"; Value = ""; VariantName = "[No Variations]"
Added Component: Designator=C12(*CAPC2012X135N)
Add component. Clean all parameters for all variants
Add component (AddParameter): Name = "Availability"; Value = "Unavailable"; VariantName = "[No Variations]"
Add component (AddParameter): Name = "MF"; Value = "Murata Electronics"; VariantName = "[No Variations]"
Add component (AddParameter): Name = "MP"; Value = "GCD21BR71H104KA01L"; VariantName = "[No Variations]"
Add component (AddParameter): Name = "Package"; Value = "0805 Murata"; VariantName = "[No Variations]"
Add component (AddParameter): Name = "Price"; Value = "None"; VariantName = "[No Variations]"
Add component (AddParameter): Name = "SnapEDA_Link"; Value = "https://www.snapeda.com/parts/GCD21BR71H104KA01L/Murata%20Electronics%20North%20America/view-part/?ref=snap"; VariantName = "[No Variations]"
Add component (AddParameter): Name = "Value"; Value = ""; VariantName = "[No Variations]"
Added Component: Designator=C13(*CAPC2012X135N)
Add component. Clean all parameters for all variants
Add component (AddParameter): Name = "Availability"; Value = "Unavailable"; VariantName = "[No Variations]"
Add component (AddParameter): Name = "MF"; Value = "Murata Electronics"; VariantName = "[No Variations]"
Add component (AddParameter): Name = "MP"; Value = "GCD21BR71H104KA01L"; VariantName = "[No Variations]"
Add component (AddParameter): Name = "Package"; Value = "0805 Murata"; VariantName = "[No Variations]"
Add component (AddParameter): Name = "Price"; Value = "None"; VariantName = "[No Variations]"
Add component (AddParameter): Name = "SnapEDA_Link"; Value = "https://www.snapeda.com/parts/GCD21BR71H104KA01L/Murata%20Electronics%20North%20America/view-part/?ref=snap"; VariantName = "[No Variations]"
Add component (AddParameter): Name = "Value"; Value = ""; VariantName = "[No Variations]"
Added Component: Designator=D1(WL-SMCW_0603)
Add component. Clean all parameters for all variants
Add component (AddParameter): Name = "Digi-Key_Part_Number"; Value = "732-4988-1-ND"; VariantName = "[No Variations]"
Add component (AddParameter): Name = "Digi-Key_Purchase_URL"; Value = "https://www.digikey.com/product-detail/en/wurth-electronics-inc/150120AS75000/732-4988-1-ND/4489928?utm_source=snapeda&utm_medium=aggregator&utm_campaign=symbol"; VariantName = "[No Variations]"
Add component (AddParameter): Name = "MF"; Value = "Wurth Electronics"; VariantName = "[No Variations]"
Add component (AddParameter): Name = "MP"; Value = "150120AS75000"; VariantName = "[No Variations]"
Add component (AddParameter): Name = "Package"; Value = "1206 Würth Elektronik"; VariantName = "[No Variations]"
Add component (AddParameter): Name = "SnapEDA_Link"; Value = "https://www.snapeda.com/parts/150120AS75000/Wurth%20Electronics%20Inc./view-part/?ref=snap"; VariantName = "[No Variations]"
Add component (AddParameter): Name = "Value"; Value = ""; VariantName = "[No Variations]"
Added Component: Designator=J1(*MOLEX_0022272031)
Add component. Clean all parameters for all variants
Add component (AddParameter): Name = "Digi-Key_Part_Number"; Value = "WM4112-ND"; VariantName = "[No Variations]"
Add component (AddParameter): Name = "Digi-Key_Purchase_URL"; Value = "https://www.digikey.co.uk/product-detail/en/molex/0022272031/WM4112-ND/1130578?utm_source=snapeda&utm_medium=aggregator&utm_campaign=symbol"; VariantName = "[No Variations]"
Add component (AddParameter): Name = "MF"; Value = "Molex"; VariantName = "[No Variations]"
Add component (AddParameter): Name = "MP"; Value = "0022272031"; VariantName = "[No Variations]"
Add component (AddParameter): Name = "Package"; Value = "None"; VariantName = "[No Variations]"
Add component (AddParameter): Name = "SnapEDA_Link"; Value = "https://www.snapeda.com/parts/0022272031/Molex/view-part/?ref=snap"; VariantName = "[No Variations]"
Add component (AddParameter): Name = "Value"; Value = ""; VariantName = "[No Variations]"
Added Component: Designator=J2(*TE_9-146281-0)
Add component. Clean all parameters for all variants
Add component (AddParameter): Name = "Created By"; Value = "Alireza Nami"; VariantName = "[No Variations]"
Added Component: Designator=J3(*TE_9-146281-0)
Add component. Clean all parameters for all variants
Add component (AddParameter): Name = "Created By"; Value = "Alireza Nami"; VariantName = "[No Variations]"
Added Component: Designator=J4(TE_7-534206-0)
Add component. Clean all parameters for all variants
Add component (AddParameter): Name = "Availability"; Value = "Unavailable"; VariantName = "[No Variations]"
Add component (AddParameter): Name = "Centerline_Pitch"; Value = "2.54 mm[.1 in]"; VariantName = "[No Variations]"
Add component (AddParameter): Name = "EU_RoHS_Compliance"; Value = "Compliant"; VariantName = "[No Variations]"
Add component (AddParameter): Name = "MF"; Value = "TE Connectivity"; VariantName = "[No Variations]"
Add component (AddParameter): Name = "MP"; Value = "7-534206-0"; VariantName = "[No Variations]"
Add component (AddParameter): Name = "Number_of_Positions"; Value = "40"; VariantName = "[No Variations]"
Add component (AddParameter): Name = "Package"; Value = "None"; VariantName = "[No Variations]"
Add component (AddParameter): Name = "Price"; Value = "None"; VariantName = "[No Variations]"
Add component (AddParameter): Name = "Product_Type"; Value = "Connector"; VariantName = "[No Variations]"
Add component (AddParameter): Name = "SnapEDA_Link"; Value = "https://www.snapeda.com/parts/7-534206-0/TE%20Connectivity%20AMP%20Connectors/view-part/?ref=snap"; VariantName = "[No Variations]"
Add component (AddParameter): Name = "TE_purchase_URL"; Value = "https://www.te.com/usa-en/product-7-534206-0.html?te_bu=Cor&te_type=disp&te_campaign=seda_glo_cor-seda-global-disp-prtnr-fy19-seda-model-bom-cta_sma-317_1&elqCampaignId=32493"; VariantName = "[No Variations]"
Add component (AddParameter): Name = "Value"; Value = ""; VariantName = "[No Variations]"
Added Component: Designator=J5(TE_1776266-4)
Add component. Clean all parameters for all variants
Add component (AddParameter): Name = "Availability"; Value = "Unavailable"; VariantName = "[No Variations]"
Add component (AddParameter): Name = "MF"; Value = "TE Connectivity"; VariantName = "[No Variations]"
Add component (AddParameter): Name = "MP"; Value = "1776266-4"; VariantName = "[No Variations]"
Add component (AddParameter): Name = "Package"; Value = "None"; VariantName = "[No Variations]"
Add component (AddParameter): Name = "Price"; Value = "None"; VariantName = "[No Variations]"
Add component (AddParameter): Name = "SnapEDA_Link"; Value = "https://www.snapeda.com/parts/1776266-4/TE%20Connectivity%20AMP%20Connectors/view-part/?ref=snap"; VariantName = "[No Variations]"
Add component (AddParameter): Name = "TE_purchase_URL"; Value = "https://www.te.com/usa-en/product-1776266-4.html?te_bu=Cor&te_type=disp&te_campaign=seda_glo_cor-seda-global-disp-prtnr-fy19-seda-model-bom-cta_sma-317_1&elqCampaignId=32493"; VariantName = "[No Variations]"
Add component (AddParameter): Name = "Value"; Value = ""; VariantName = "[No Variations]"
Added Component: Designator=J6(*TE_9-146281-0)
Add component. Clean all parameters for all variants
Add component (AddParameter): Name = "Created By"; Value = "Alireza Nami"; VariantName = "[No Variations]"
Added Component: Designator=JP1(JMPR3)
Add component. Clean all parameters for all variants
Add component (AddParameter): Name = "Manufacturer"; Value = "Sullins Connector Solutions"; VariantName = "[No Variations]"
Add component (AddParameter): Name = "Manufacturer Part Number"; Value = "PBC36SAAN"; VariantName = "[No Variations]"
Add component (AddParameter): Name = "Reel"; Value = "Open"; VariantName = "[No Variations]"
Add component (AddParameter): Name = "Supplier 1"; Value = "Digi-Key"; VariantName = "[No Variations]"
Add component (AddParameter): Name = "Supplier Part Number 1"; Value = "S1011E-36-ND"; VariantName = "[No Variations]"
Added Component: Designator=L1(*RESC3216X70)
Add component. Clean all parameters for all variants
Add component (AddParameter): Name = "Availability"; Value = "Unavailable"; VariantName = "[No Variations]"
Add component (AddParameter): Name = "MF"; Value = "Panasonic"; VariantName = "[No Variations]"
Add component (AddParameter): Name = "MP"; Value = "EXCML32A680U"; VariantName = "[No Variations]"
Add component (AddParameter): Name = "Package"; Value = "1206 Panasonic"; VariantName = "[No Variations]"
Add component (AddParameter): Name = "Price"; Value = "None"; VariantName = "[No Variations]"
Added Component: Designator=L2(*RESC3216X70)
Add component. Clean all parameters for all variants
Add component (AddParameter): Name = "Availability"; Value = "Unavailable"; VariantName = "[No Variations]"
Add component (AddParameter): Name = "MF"; Value = "Panasonic"; VariantName = "[No Variations]"
Add component (AddParameter): Name = "MP"; Value = "EXCML32A680U"; VariantName = "[No Variations]"
Add component (AddParameter): Name = "Package"; Value = "1206 Panasonic"; VariantName = "[No Variations]"
Add component (AddParameter): Name = "Price"; Value = "None"; VariantName = "[No Variations]"
Added Component: Designator=R1(*RESC2012X65N)
Add component. Clean all parameters for all variants
Add component (AddParameter): Name = "Availability"; Value = "Unavailable"; VariantName = "[No Variations]"
Add component (AddParameter): Name = "MF"; Value = "TE Connectivity"; VariantName = "[No Variations]"
Add component (AddParameter): Name = "MP"; Value = "CRGH0805F118R"; VariantName = "[No Variations]"
Add component (AddParameter): Name = "Package"; Value = "0805 TE Connectivity"; VariantName = "[No Variations]"
Add component (AddParameter): Name = "Price"; Value = "None"; VariantName = "[No Variations]"
Add component (AddParameter): Name = "SnapEDA_Link"; Value = "https://www.snapeda.com/parts/CRGH0805F118R/TE%20Connectivity%20Passive%20Product/view-part/?ref=snap"; VariantName = "[No Variations]"
Add component (AddParameter): Name = "TE_purchase_URL"; Value = "https://www.te.com/usa-en/product-1879509-5.html?te_bu=Cor&te_type=disp&te_campaign=seda_glo_cor-seda-global-disp-prtnr-fy19-seda-model-bom-cta_sma-317_1&elqCampaignId=32493"; VariantName = "[No Variations]"
Add component (AddParameter): Name = "Value"; Value = ""; VariantName = "[No Variations]"
Added Component: Designator=R2(*RESC2012X65N)
Add component. Clean all parameters for all variants
Add component (AddParameter): Name = "Availability"; Value = "Unavailable"; VariantName = "[No Variations]"
Add component (AddParameter): Name = "MF"; Value = "TE Connectivity"; VariantName = "[No Variations]"
Add component (AddParameter): Name = "MP"; Value = "CRGH0805F118R"; VariantName = "[No Variations]"
Add component (AddParameter): Name = "Package"; Value = "0805 TE Connectivity"; VariantName = "[No Variations]"
Add component (AddParameter): Name = "Price"; Value = "None"; VariantName = "[No Variations]"
Add component (AddParameter): Name = "SnapEDA_Link"; Value = "https://www.snapeda.com/parts/CRGH0805F118R/TE%20Connectivity%20Passive%20Product/view-part/?ref=snap"; VariantName = "[No Variations]"
Add component (AddParameter): Name = "TE_purchase_URL"; Value = "https://www.te.com/usa-en/product-1879509-5.html?te_bu=Cor&te_type=disp&te_campaign=seda_glo_cor-seda-global-disp-prtnr-fy19-seda-model-bom-cta_sma-317_1&elqCampaignId=32493"; VariantName = "[No Variations]"
Add component (AddParameter): Name = "Value"; Value = ""; VariantName = "[No Variations]"
Added Component: Designator=R3(*RESC2012X65N)
Add component. Clean all parameters for all variants
Add component (AddParameter): Name = "Availability"; Value = "Unavailable"; VariantName = "[No Variations]"
Add component (AddParameter): Name = "MF"; Value = "TE Connectivity"; VariantName = "[No Variations]"
Add component (AddParameter): Name = "MP"; Value = "CRGH0805F118R"; VariantName = "[No Variations]"
Add component (AddParameter): Name = "Package"; Value = "0805 TE Connectivity"; VariantName = "[No Variations]"
Add component (AddParameter): Name = "Price"; Value = "None"; VariantName = "[No Variations]"
Add component (AddParameter): Name = "SnapEDA_Link"; Value = "https://www.snapeda.com/parts/CRGH0805F118R/TE%20Connectivity%20Passive%20Product/view-part/?ref=snap"; VariantName = "[No Variations]"
Add component (AddParameter): Name = "TE_purchase_URL"; Value = "https://www.te.com/usa-en/product-1879509-5.html?te_bu=Cor&te_type=disp&te_campaign=seda_glo_cor-seda-global-disp-prtnr-fy19-seda-model-bom-cta_sma-317_1&elqCampaignId=32493"; VariantName = "[No Variations]"
Add component (AddParameter): Name = "Value"; Value = ""; VariantName = "[No Variations]"
Added Component: Designator=R4(*RESC2012X65N)
Add component. Clean all parameters for all variants
Add component (AddParameter): Name = "Availability"; Value = "Unavailable"; VariantName = "[No Variations]"
Add component (AddParameter): Name = "MF"; Value = "TE Connectivity"; VariantName = "[No Variations]"
Add component (AddParameter): Name = "MP"; Value = "CRGH0805F118R"; VariantName = "[No Variations]"
Add component (AddParameter): Name = "Package"; Value = "0805 TE Connectivity"; VariantName = "[No Variations]"
Add component (AddParameter): Name = "Price"; Value = "None"; VariantName = "[No Variations]"
Add component (AddParameter): Name = "SnapEDA_Link"; Value = "https://www.snapeda.com/parts/CRGH0805F118R/TE%20Connectivity%20Passive%20Product/view-part/?ref=snap"; VariantName = "[No Variations]"
Add component (AddParameter): Name = "TE_purchase_URL"; Value = "https://www.te.com/usa-en/product-1879509-5.html?te_bu=Cor&te_type=disp&te_campaign=seda_glo_cor-seda-global-disp-prtnr-fy19-seda-model-bom-cta_sma-317_1&elqCampaignId=32493"; VariantName = "[No Variations]"
Add component (AddParameter): Name = "Value"; Value = ""; VariantName = "[No Variations]"
Added Component: Designator=S1(SW_FSM4JSMAATR)
Add component. Clean all parameters for all variants
Add component (AddParameter): Name = "Availability"; Value = "Unavailable"; VariantName = "[No Variations]"
Add component (AddParameter): Name = "MF"; Value = "Alco"; VariantName = "[No Variations]"
Add component (AddParameter): Name = "MP"; Value = "FSM4JSMAATR"; VariantName = "[No Variations]"
Add component (AddParameter): Name = "Package"; Value = "None"; VariantName = "[No Variations]"
Add component (AddParameter): Name = "Price"; Value = "None"; VariantName = "[No Variations]"
Add component (AddParameter): Name = "SnapEDA_Link"; Value = "https://www.snapeda.com/parts/FSM4JSMAATR/Alco/view-part/?ref=snap"; VariantName = "[No Variations]"
Add component (AddParameter): Name = "Value"; Value = ""; VariantName = "[No Variations]"
Added Component: Designator=U1(QFP50P1200X1200X160-64N)
Add component. Clean all parameters for all variants
Add component (AddParameter): Name = "Digi-Key_Part_Number"; Value = "497-6066-ND"; VariantName = "[No Variations]"
Add component (AddParameter): Name = "Digi-Key_Purchase_URL"; Value = "https://www.digikey.de/product-detail/en/stmicroelectronics/STM32F103RBT6/497-6066-ND/1646341?utm_source=snapeda&utm_medium=aggregator&utm_campaign=symbol"; VariantName = "[No Variations]"
Add component (AddParameter): Name = "MF"; Value = "STMicroelectronics"; VariantName = "[No Variations]"
Add component (AddParameter): Name = "MP"; Value = "STM32F103RBT6"; VariantName = "[No Variations]"
Add component (AddParameter): Name = "Package"; Value = "LQFP-64 STMicroelectronics"; VariantName = "[No Variations]"
Add component (AddParameter): Name = "SnapEDA_Link"; Value = "https://www.snapeda.com/parts/STM32F103RBT6/STMicroelectronics/view-part/?ref=snap"; VariantName = "[No Variations]"
Add component (AddParameter): Name = "Value"; Value = ""; VariantName = "[No Variations]"
Added Component: Designator=U2(*SOIC8)
Add component. Clean all parameters for all variants
Add component (AddParameter): Name = "Digi-Key_Part_Number"; Value = "296-23973-1-ND"; VariantName = "[No Variations]"
Add component (AddParameter): Name = "Digi-Key_Purchase_URL"; Value = "https://www.digikey.co.uk/product-detail/en/texas-instruments/SN65HVD233MDREP/296-23973-1-ND/1981063?utm_source=snapeda&utm_medium=aggregator&utm_campaign=symbol"; VariantName = "[No Variations]"
Add component (AddParameter): Name = "MF"; Value = "Texas Instruments"; VariantName = "[No Variations]"
Add component (AddParameter): Name = "MP"; Value = "SN65HVD233MDREP"; VariantName = "[No Variations]"
Add component (AddParameter): Name = "Package"; Value = "SOIC-8 Texas Instruments"; VariantName = "[No Variations]"
Add component (AddParameter): Name = "SnapEDA_Link"; Value = "https://www.snapeda.com/parts/SN65HVD233MDREP/Texas%20Instruments/view-part/?ref=snap"; VariantName = "[No Variations]"
Add component (AddParameter): Name = "Value"; Value = ""; VariantName = "[No Variations]"
Added Component: Designator=Y1(XTAL_ECS-80-18-4X)
Add component. Clean all parameters for all variants
Add component (AddParameter): Name = "Digi-Key_Part_Number"; Value = "X1093-ND"; VariantName = "[No Variations]"
Add component (AddParameter): Name = "Digi-Key_Purchase_URL"; Value = "https://www.digikey.co.uk/product-detail/en/ecs-inc/ECS-80-18-4X/X1093-ND/827584?utm_source=snapeda&utm_medium=aggregator&utm_campaign=symbol"; VariantName = "[No Variations]"
Add component (AddParameter): Name = "MF"; Value = "ECS Inc."; VariantName = "[No Variations]"
Add component (AddParameter): Name = "MP"; Value = "ECS-80-18-4X"; VariantName = "[No Variations]"
Add component (AddParameter): Name = "Package"; Value = "HC49/US ECS International"; VariantName = "[No Variations]"
Add component (AddParameter): Name = "SnapEDA_Link"; Value = "https://www.snapeda.com/parts/ECS-80-18-4X/ECS%20Inc./view-part/?ref=snap"; VariantName = "[No Variations]"
Add component (AddParameter): Name = "Value"; Value = ""; VariantName = "[No Variations]"
Added Component: Designator=Y2(*XTAL_AB38T-32.768KHZ)
Add component. Clean all parameters for all variants
Add component (AddParameter): Name = "Availability"; Value = "Unavailable"; VariantName = "[No Variations]"
Add component (AddParameter): Name = "MF"; Value = "Abracon"; VariantName = "[No Variations]"
Add component (AddParameter): Name = "MP"; Value = "AB38T-32.768KHZ"; VariantName = "[No Variations]"
Add component (AddParameter): Name = "Package"; Value = "Cylindrical Can Radial  Abracon"; VariantName = "[No Variations]"
Add component (AddParameter): Name = "Price"; Value = "None"; VariantName = "[No Variations]"
Add component (AddParameter): Name = "SnapEDA_Link"; Value = "https://www.snapeda.com/parts/AB38T-32.768KHZ/Abracon%20LLC/view-part/?ref=snap"; VariantName = "[No Variations]"
Add component (AddParameter): Name = "Value"; Value = ""; VariantName = "[No Variations]"
Added Pin To Net: NetName=3v3 Pin=C1-1
Added Pin To Net: NetName=3v3 Pin=C2-1
Added Pin To Net: NetName=3v3 Pin=C3-1
Added Pin To Net: NetName=3v3 Pin=C4-1
Added Pin To Net: NetName=3v3 Pin=C5-1
Added Pin To Net: NetName=3v3 Pin=C13-1
Added Pin To Net: NetName=3v3 Pin=D1-2
Added Pin To Net: NetName=3v3 Pin=J1-2
Added Pin To Net: NetName=3v3 Pin=J2-16
Added Pin To Net: NetName=3v3 Pin=J4-2
Added Pin To Net: NetName=3v3 Pin=L1-1
Added Pin To Net: NetName=3v3 Pin=R1-2
Added Pin To Net: NetName=3v3 Pin=R4-2
Added Pin To Net: NetName=3v3 Pin=U1-19
Added Pin To Net: NetName=3v3 Pin=U1-32
Added Pin To Net: NetName=3v3 Pin=U1-48
Added Pin To Net: NetName=3v3 Pin=U1-64
Added Pin To Net: NetName=3v3 Pin=U2-3
Added Net: Name=3v3
Added Pin To Net: NetName=GND Pin=C1-2
Added Pin To Net: NetName=GND Pin=C2-2
Added Pin To Net: NetName=GND Pin=C3-2
Added Pin To Net: NetName=GND Pin=C4-2
Added Pin To Net: NetName=GND Pin=C5-2
Added Pin To Net: NetName=GND Pin=C8-2
Added Pin To Net: NetName=GND Pin=C9-2
Added Pin To Net: NetName=GND Pin=C10-2
Added Pin To Net: NetName=GND Pin=C11-2
Added Pin To Net: NetName=GND Pin=C12-2
Added Pin To Net: NetName=GND Pin=C13-2
Added Pin To Net: NetName=GND Pin=J1-1
Added Pin To Net: NetName=GND Pin=J2-15
Added Pin To Net: NetName=GND Pin=J4-3
Added Pin To Net: NetName=GND Pin=JP1-3
Added Pin To Net: NetName=GND Pin=L2-1
Added Pin To Net: NetName=GND Pin=R2-1
Added Pin To Net: NetName=GND Pin=S1-2
Added Pin To Net: NetName=GND Pin=U1-18
Added Pin To Net: NetName=GND Pin=U1-31
Added Pin To Net: NetName=GND Pin=U1-47
Added Pin To Net: NetName=GND Pin=U1-63
Added Pin To Net: NetName=GND Pin=U2-2
Added Pin To Net: NetName=GND Pin=U2-8
Added Net: Name=GND
Added Pin To Net: NetName=LBK Pin=J3-7
Added Pin To Net: NetName=LBK Pin=U1-43
Added Pin To Net: NetName=LBK Pin=U2-5
Added Net: Name=LBK
Added Pin To Net: NetName=NetD1_1 Pin=D1-1
Added Pin To Net: NetName=NetD1_1 Pin=R2-2
Added Net: Name=NetD1_1
Added Pin To Net: NetName=NetJ5_1 Pin=J5-1
Added Pin To Net: NetName=NetJ5_1 Pin=R3-2
Added Pin To Net: NetName=NetJ5_1 Pin=U2-6
Added Net: Name=NetJ5_1
Added Pin To Net: NetName=NetJ5_2 Pin=J5-2
Added Pin To Net: NetName=NetJ5_2 Pin=R3-1
Added Pin To Net: NetName=NetJ5_2 Pin=U2-7
Added Net: Name=NetJ5_2
Added Pin To Net: NetName=NetJP1_1 Pin=JP1-1
Added Pin To Net: NetName=NetJP1_1 Pin=R4-1
Added Net: Name=NetJP1_1
Added Pin To Net: NetName=NetJP1_2 Pin=JP1-2
Added Pin To Net: NetName=NetJP1_2 Pin=U1-60
Added Net: Name=NetJP1_2
Added Pin To Net: NetName=NRST Pin=C10-1
Added Pin To Net: NetName=NRST Pin=R1-1
Added Pin To Net: NetName=NRST Pin=S1-4
Added Pin To Net: NetName=NRST Pin=U1-7
Added Net: Name=NRST
Added Pin To Net: NetName=OSC32in Pin=C11-1
Added Pin To Net: NetName=OSC32in Pin=U1-3
Added Pin To Net: NetName=OSC32in Pin=Y2-1
Added Net: Name=OSC32in
Added Pin To Net: NetName=OSC32out Pin=C12-1
Added Pin To Net: NetName=OSC32out Pin=U1-4
Added Pin To Net: NetName=OSC32out Pin=Y2-2
Added Net: Name=OSC32out
Added Pin To Net: NetName=OSCin Pin=C8-1
Added Pin To Net: NetName=OSCin Pin=U1-5
Added Pin To Net: NetName=OSCin Pin=Y1-1
Added Net: Name=OSCin
Added Pin To Net: NetName=OSCout Pin=C9-1
Added Pin To Net: NetName=OSCout Pin=U1-6
Added Pin To Net: NetName=OSCout Pin=Y1-2
Added Net: Name=OSCout
Added Pin To Net: NetName=PA0 Pin=J2-11
Added Pin To Net: NetName=PA0 Pin=U1-14
Added Net: Name=PA0
Added Pin To Net: NetName=PA1 Pin=J2-12
Added Pin To Net: NetName=PA1 Pin=U1-15
Added Net: Name=PA1
Added Pin To Net: NetName=PA2 Pin=J2-13
Added Pin To Net: NetName=PA2 Pin=U1-16
Added Net: Name=PA2
Added Pin To Net: NetName=PA3 Pin=J2-14
Added Pin To Net: NetName=PA3 Pin=U1-17
Added Net: Name=PA3
Added Pin To Net: NetName=PA4 Pin=J6-15
Added Pin To Net: NetName=PA4 Pin=U1-20
Added Net: Name=PA4
Added Pin To Net: NetName=PA5 Pin=J6-14
Added Pin To Net: NetName=PA5 Pin=U1-21
Added Net: Name=PA5
Added Pin To Net: NetName=PA6 Pin=J6-13
Added Pin To Net: NetName=PA6 Pin=U1-22
Added Net: Name=PA6
Added Pin To Net: NetName=PA7 Pin=J6-12
Added Pin To Net: NetName=PA7 Pin=U1-23
Added Net: Name=PA7
Added Pin To Net: NetName=PA8 Pin=J3-5
Added Pin To Net: NetName=PA8 Pin=U1-41
Added Net: Name=PA8
Added Pin To Net: NetName=PA9 Pin=J3-6
Added Pin To Net: NetName=PA9 Pin=U1-42
Added Net: Name=PA9
Added Pin To Net: NetName=PA15 Pin=J3-10
Added Pin To Net: NetName=PA15 Pin=U1-50
Added Net: Name=PA15
Added Pin To Net: NetName=PB0 Pin=J6-9
Added Pin To Net: NetName=PB0 Pin=U1-26
Added Net: Name=PB0
Added Pin To Net: NetName=PB1 Pin=J6-8
Added Pin To Net: NetName=PB1 Pin=U1-27
Added Net: Name=PB1
Added Pin To Net: NetName=PB2 Pin=J6-7
Added Pin To Net: NetName=PB2 Pin=U1-28
Added Net: Name=PB2
Added Pin To Net: NetName=PB3 Pin=J3-15
Added Pin To Net: NetName=PB3 Pin=U1-55
Added Net: Name=PB3
Added Pin To Net: NetName=PB4 Pin=J3-16
Added Pin To Net: NetName=PB4 Pin=U1-56
Added Net: Name=PB4
Added Pin To Net: NetName=PB5 Pin=J2-1
Added Pin To Net: NetName=PB5 Pin=U1-57
Added Net: Name=PB5
Added Pin To Net: NetName=PB6 Pin=J2-2
Added Pin To Net: NetName=PB6 Pin=U1-58
Added Net: Name=PB6
Added Pin To Net: NetName=PB7 Pin=J2-3
Added Pin To Net: NetName=PB7 Pin=U1-59
Added Net: Name=PB7
Added Pin To Net: NetName=PB8 Pin=J2-4
Added Pin To Net: NetName=PB8 Pin=U1-61
Added Net: Name=PB8
Added Pin To Net: NetName=PB9 Pin=J2-5
Added Pin To Net: NetName=PB9 Pin=U1-62
Added Net: Name=PB9
Added Pin To Net: NetName=PB10 Pin=J6-6
Added Pin To Net: NetName=PB10 Pin=U1-29
Added Net: Name=PB10
Added Pin To Net: NetName=PB11 Pin=J6-5
Added Pin To Net: NetName=PB11 Pin=U1-30
Added Net: Name=PB11
Added Pin To Net: NetName=PB12 Pin=J6-4
Added Pin To Net: NetName=PB12 Pin=U1-33
Added Net: Name=PB12
Added Pin To Net: NetName=PB13 Pin=J6-3
Added Pin To Net: NetName=PB13 Pin=U1-34
Added Net: Name=PB13
Added Pin To Net: NetName=PB14 Pin=J6-2
Added Pin To Net: NetName=PB14 Pin=U1-35
Added Net: Name=PB14
Added Pin To Net: NetName=PB15 Pin=J6-1
Added Pin To Net: NetName=PB15 Pin=U1-36
Added Net: Name=PB15
Added Pin To Net: NetName=PC0 Pin=J2-7
Added Pin To Net: NetName=PC0 Pin=U1-8
Added Net: Name=PC0
Added Pin To Net: NetName=PC1 Pin=J2-8
Added Pin To Net: NetName=PC1 Pin=U1-9
Added Net: Name=PC1
Added Pin To Net: NetName=PC2 Pin=J2-9
Added Pin To Net: NetName=PC2 Pin=U1-10
Added Net: Name=PC2
Added Pin To Net: NetName=PC3 Pin=J2-10
Added Pin To Net: NetName=PC3 Pin=U1-11
Added Net: Name=PC3
Added Pin To Net: NetName=PC4 Pin=J6-11
Added Pin To Net: NetName=PC4 Pin=U1-24
Added Net: Name=PC4
Added Pin To Net: NetName=PC5 Pin=J6-10
Added Pin To Net: NetName=PC5 Pin=U1-25
Added Net: Name=PC5
Added Pin To Net: NetName=PC6 Pin=J3-1
Added Pin To Net: NetName=PC6 Pin=U1-37
Added Net: Name=PC6
Added Pin To Net: NetName=PC7 Pin=J3-2
Added Pin To Net: NetName=PC7 Pin=U1-38
Added Net: Name=PC7
Added Pin To Net: NetName=PC8 Pin=J3-3
Added Pin To Net: NetName=PC8 Pin=U1-39
Added Net: Name=PC8
Added Pin To Net: NetName=PC9 Pin=J3-4
Added Pin To Net: NetName=PC9 Pin=U1-40
Added Net: Name=PC9
Added Pin To Net: NetName=PC10 Pin=J3-11
Added Pin To Net: NetName=PC10 Pin=U1-51
Added Net: Name=PC10
Added Pin To Net: NetName=PC11 Pin=J3-12
Added Pin To Net: NetName=PC11 Pin=U1-52
Added Net: Name=PC11
Added Pin To Net: NetName=PC12 Pin=J3-13
Added Pin To Net: NetName=PC12 Pin=U1-53
Added Net: Name=PC12
Added Pin To Net: NetName=PC13 Pin=J2-6
Added Pin To Net: NetName=PC13 Pin=U1-2
Added Net: Name=PC13
Added Pin To Net: NetName=PD2 Pin=J3-14
Added Pin To Net: NetName=PD2 Pin=U1-54
Added Net: Name=PD2
Added Pin To Net: NetName=RXD Pin=J3-8
Added Pin To Net: NetName=RXD Pin=U1-44
Added Pin To Net: NetName=RXD Pin=U2-4
Added Net: Name=RXD
Added Pin To Net: NetName=SWCLK Pin=J4-1
Added Pin To Net: NetName=SWCLK Pin=U1-49
Added Net: Name=SWCLK
Added Pin To Net: NetName=SWDIO Pin=J4-4
Added Pin To Net: NetName=SWDIO Pin=U1-46
Added Net: Name=SWDIO
Added Pin To Net: NetName=TXD Pin=J3-9
Added Pin To Net: NetName=TXD Pin=U1-45
Added Pin To Net: NetName=TXD Pin=U2-1
Added Net: Name=TXD
Added Pin To Net: NetName=VDDA Pin=C6-2
Added Pin To Net: NetName=VDDA Pin=C7-1
Added Pin To Net: NetName=VDDA Pin=L1-2
Added Pin To Net: NetName=VDDA Pin=U1-13
Added Net: Name=VDDA
Added Pin To Net: NetName=VSSA Pin=C6-1
Added Pin To Net: NetName=VSSA Pin=C7-2
Added Pin To Net: NetName=VSSA Pin=L2-2
Added Pin To Net: NetName=VSSA Pin=U1-12
Added Net: Name=VSSA
Added Class: Name=STM32F1xx
Added Room: Name=STM32F1xx
